<?xml version="1.0" encoding="UTF-8"?>
<testsuite name="Utest Choucair" tests="1" skipped="0" failures="0" errors="0" timestamp="2021-11-18T19:56:17" hostname="EC2AMAZ-7JPOIN6" time="8.506">
  <properties/>
  <testcase name="Login to utest.com" classname="Utest Choucair" time="8.506"/>
  <system-out><![CDATA[]]></system-out>
  <system-err><![CDATA[[Test worker] WARN net.thucydides.core.steps.BaseStepListener - stepStarted: net.thucydides.core.steps.ExecutedStepDescription@4b7250bb
[Test worker] WARN net.thucydides.core.steps.BaseStepListener - stepStarted: net.thucydides.core.steps.ExecutedStepDescription@35699340
[Test worker] WARN net.thucydides.core.steps.BaseStepListener - stepStarted: net.thucydides.core.steps.ExecutedStepDescription@2c329f13
Nov 18, 2021 2:56:18 PM org.openqa.selenium.remote.DesiredCapabilities chrome
INFO: Using `new ChromeOptions()` is preferred to `DesiredCapabilities.chrome()`
[Test worker] INFO net.serenitybdd.core.webdriver.driverproviders.ProvideNewDriver - Instantiating driver
[Test worker] INFO net.serenitybdd.core.webdriver.driverproviders.ProvideNewDriver - Driver capabilities: Capabilities {acceptInsecureCerts: false, browserName: chrome, chrome.switches: --start-maximized, goog:chromeOptions: {args: [--start-maximized], extensions: []}, loggingPrefs: org.openqa.selenium.logging..., platform: ANY, version: }
Starting ChromeDriver 95.0.4638.69 (6a1600ed572fedecd573b6c2b90a22fe6392a410-refs/branch-heads/4638@{#984}) on port 60002
Only local connections are allowed.
Please see https://chromedriver.chromium.org/security-considerations for suggestions on keeping ChromeDriver safe.
ChromeDriver was started successfully.
[1637265380.532][WARNING]: This version of ChromeDriver has not been tested with Chrome version 96.
Nov 18, 2021 2:56:20 PM org.openqa.selenium.remote.ProtocolHandshake createSession
INFO: Detected dialect: W3C
[Test worker] WARN net.thucydides.core.steps.BaseStepListener - stepFinished: current outcome:Login to utest.com:Given than Byron wants to log into the Utest System [Byron open up [Byron opens the Choucair utest page]]
[Test worker] WARN net.thucydides.core.steps.BaseStepListener - stepFinished: current outcome:Login to utest.com:Given than Byron wants to log into the Utest System [Byron open up [Byron opens the Choucair utest page]]
[Test worker] WARN net.thucydides.core.steps.BaseStepListener - stepStarted: net.thucydides.core.steps.ExecutedStepDescription@245613e0
[Test worker] WARN net.thucydides.core.steps.BaseStepListener - stepStarted: net.thucydides.core.steps.ExecutedStepDescription@32c8774b
[Test worker] WARN net.thucydides.core.steps.BaseStepListener - stepFinished: current outcome:Login to utest.com:Given than Byron wants to log into the Utest System [Byron open up [Byron opens the Choucair utest page], Byron register [Byron clicks on button that sign in utest system]]
[Test worker] WARN net.thucydides.core.steps.BaseStepListener - stepFinished: current outcome:Login to utest.com:Given than Byron wants to log into the Utest System [Byron open up [Byron opens the Choucair utest page], Byron register [Byron clicks on button that sign in utest system]]
[Test worker] WARN net.thucydides.core.steps.BaseStepListener - stepFinished: current outcome:Login to utest.com:Given than Byron wants to log into the Utest System [Byron open up [Byron opens the Choucair utest page], Byron register [Byron clicks on button that sign in utest system]]
[Test worker] WARN net.thucydides.core.steps.BaseStepListener - stepStarted: net.thucydides.core.steps.ExecutedStepDescription@4a9fd6e4
[Test worker] WARN net.thucydides.core.steps.BaseStepListener - stepFinished: current outcome:Login to utest.com:Given than Byron wants to log into the Utest System [Byron open up [Byron opens the Choucair utest page], Byron register [Byron clicks on button that sign in utest system]], When he needs to register in the Utest system
[Test worker] WARN net.thucydides.core.steps.BaseStepListener - stepStarted: net.thucydides.core.steps.ExecutedStepDescription@75083710
[Test worker] WARN net.thucydides.core.steps.BaseStepListener - stepFinished: current outcome:Login to utest.com:Given than Byron wants to log into the Utest System [Byron open up [Byron opens the Choucair utest page], Byron register [Byron clicks on button that sign in utest system]], When he needs to register in the Utest system, Then he can enter the registration data
[Test worker] WARN net.thucydides.core.steps.BaseStepListener - testFinished: Login to utest.com:Given than Byron wants to log into the Utest System [Byron open up [Byron opens the Choucair utest page], Byron register [Byron clicks on button that sign in utest system]], When he needs to register in the Utest system, Then he can enter the registration data
[Test worker] WARN net.thucydides.core.steps.BaseStepListener - TestOutcomes: [Login to utest.com:Given than Byron wants to log into the Utest System [Byron open up [Byron opens the Choucair utest page], Byron register [Byron clicks on button that sign in utest system]], When he needs to register in the Utest system, Then he can enter the registration data]
[Test worker] WARN net.thucydides.core.steps.BaseStepListener - Final testOutcomes: [Login to utest.com:Given than Byron wants to log into the Utest System [Byron open up [Byron opens the Choucair utest page], Byron register [Byron clicks on button that sign in utest system]], When he needs to register in the Utest system, Then he can enter the registration data]
[Test worker] INFO net.thucydides.core.steps.ConsoleLoggingListener - 
        __    _____ _____ ____ _____   ____   _    ____  ____  _____ ____  
  _     \ \  |_   _| ____/ ___|_   _| |  _ \ / \  / ___|/ ___|| ____|  _ \ 
 (_)_____| |   | | |  _| \___ \ | |   | |_) / _ \ \___ \\___ \|  _| | | | |
  _|_____| |   | | | |___ ___) || |   |  __/ ___ \ ___) |___) | |___| |_| |
 (_)     | |   |_| |_____|____/ |_|   |_| /_/   \_\____/|____/|_____|____/ 
        /_/                                                                

TEST PASSED: Login to utest.com
----------------------------------------------------------------------------
]]></system-err>
</testsuite>
