<?xml version="1.0" encoding="UTF-8"?>
<testsuite name="Utest Choucair" tests="1" skipped="0" failures="0" errors="0" timestamp="2021-11-18T20:34:25" hostname="EC2AMAZ-7JPOIN6" time="13.888">
  <properties/>
  <testcase name="Login to utest.com" classname="Utest Choucair" time="13.888"/>
  <system-out><![CDATA[]]></system-out>
  <system-err><![CDATA[[Test worker] WARN net.thucydides.core.steps.BaseStepListener - stepStarted: net.thucydides.core.steps.ExecutedStepDescription@4b7250bb
[Test worker] WARN net.thucydides.core.steps.BaseStepListener - stepStarted: net.thucydides.core.steps.ExecutedStepDescription@35699340
[Test worker] WARN net.thucydides.core.steps.BaseStepListener - stepStarted: net.thucydides.core.steps.ExecutedStepDescription@2c329f13
Nov 18, 2021 3:34:26 PM org.openqa.selenium.remote.DesiredCapabilities chrome
INFO: Using `new ChromeOptions()` is preferred to `DesiredCapabilities.chrome()`
[Test worker] INFO net.serenitybdd.core.webdriver.driverproviders.ProvideNewDriver - Instantiating driver
[Test worker] INFO net.serenitybdd.core.webdriver.driverproviders.ProvideNewDriver - Driver capabilities: Capabilities {acceptInsecureCerts: false, browserName: chrome, chrome.switches: --start-maximized, goog:chromeOptions: {args: [--start-maximized], extensions: []}, loggingPrefs: org.openqa.selenium.logging..., platform: ANY, version: }
Starting ChromeDriver 95.0.4638.69 (6a1600ed572fedecd573b6c2b90a22fe6392a410-refs/branch-heads/4638@{#984}) on port 7879
Only local connections are allowed.
Please see https://chromedriver.chromium.org/security-considerations for suggestions on keeping ChromeDriver safe.
ChromeDriver was started successfully.
[1637267668.492][WARNING]: This version of ChromeDriver has not been tested with Chrome version 96.
Nov 18, 2021 3:34:28 PM org.openqa.selenium.remote.ProtocolHandshake createSession
INFO: Detected dialect: W3C
[Test worker] WARN net.thucydides.core.steps.BaseStepListener - stepFinished: current outcome:Login to utest.com:Given than Byron wants to log into the Utest System [Byron open up [Byron opens the Choucair utest page]]
[Test worker] WARN net.thucydides.core.steps.BaseStepListener - stepFinished: current outcome:Login to utest.com:Given than Byron wants to log into the Utest System [Byron open up [Byron opens the Choucair utest page]]
[Test worker] WARN net.thucydides.core.steps.BaseStepListener - stepStarted: net.thucydides.core.steps.ExecutedStepDescription@67fd51a1
[Test worker] WARN net.thucydides.core.steps.BaseStepListener - stepStarted: net.thucydides.core.steps.ExecutedStepDescription@3a319f05
[Test worker] WARN net.thucydides.core.steps.BaseStepListener - stepFinished: current outcome:Login to utest.com:Given than Byron wants to log into the Utest System [Byron open up [Byron opens the Choucair utest page], Byron register [Byron clicks on button that sign in utest system]]
[Test worker] WARN net.thucydides.core.steps.BaseStepListener - stepStarted: net.thucydides.core.steps.ExecutedStepDescription@27e5b408
[Test worker] WARN net.thucydides.core.steps.BaseStepListener - stepFinished: current outcome:Login to utest.com:Given than Byron wants to log into the Utest System [Byron open up [Byron opens the Choucair utest page], Byron register [Byron clicks on button that sign in utest system, Byron enters 'IngresarPrimerNombre' into Where do we write the first name]]
[Test worker] WARN net.thucydides.core.steps.BaseStepListener - stepStarted: net.thucydides.core.steps.ExecutedStepDescription@54d96178
[Test worker] WARN net.thucydides.core.steps.BaseStepListener - stepFinished: current outcome:Login to utest.com:Given than Byron wants to log into the Utest System [Byron open up [Byron opens the Choucair utest page], Byron register [Byron clicks on button that sign in utest system, Byron enters 'IngresarPrimerNombre' into Where do we write the first name, Byron enters 'IngresarApellido' into Where do we write the last name]]
[Test worker] WARN net.thucydides.core.steps.BaseStepListener - stepStarted: net.thucydides.core.steps.ExecutedStepDescription@4bf02dd3
[Test worker] WARN net.thucydides.core.steps.BaseStepListener - stepFinished: current outcome:Login to utest.com:Given than Byron wants to log into the Utest System [Byron open up [Byron opens the Choucair utest page], Byron register [Byron clicks on button that sign in utest system, Byron enters 'IngresarPrimerNombre' into Where do we write the first name, Byron enters 'IngresarApellido' into Where do we write the last name, Byron enters 'IngresarCorreo@gmail.com' into Where do we write the email]]
[Test worker] WARN net.thucydides.core.steps.BaseStepListener - stepStarted: net.thucydides.core.steps.ExecutedStepDescription@609b254f
[Test worker] WARN net.thucydides.core.steps.BaseStepListener - stepFinished: current outcome:Login to utest.com:Given than Byron wants to log into the Utest System [Byron open up [Byron opens the Choucair utest page], Byron register [Byron clicks on button that sign in utest system, Byron enters 'IngresarPrimerNombre' into Where do we write the first name, Byron enters 'IngresarApellido' into Where do we write the last name, Byron enters 'IngresarCorreo@gmail.com' into Where do we write the email, Byron select April on Where do we write the month of birth]]
[Test worker] WARN net.thucydides.core.steps.BaseStepListener - stepStarted: net.thucydides.core.steps.ExecutedStepDescription@6f760497
[Test worker] WARN net.thucydides.core.steps.BaseStepListener - stepFinished: current outcome:Login to utest.com:Given than Byron wants to log into the Utest System [Byron open up [Byron opens the Choucair utest page], Byron register [Byron clicks on button that sign in utest system, Byron enters 'IngresarPrimerNombre' into Where do we write the first name, Byron enters 'IngresarApellido' into Where do we write the last name, Byron enters 'IngresarCorreo@gmail.com' into Where do we write the email, Byron select April on Where do we write the month of birth, Byron select 15 on Where do we write the day of birth]]
[Test worker] WARN net.thucydides.core.steps.BaseStepListener - stepStarted: net.thucydides.core.steps.ExecutedStepDescription@3a6dfb81
[Test worker] WARN net.thucydides.core.steps.BaseStepListener - stepFinished: current outcome:Login to utest.com:Given than Byron wants to log into the Utest System [Byron open up [Byron opens the Choucair utest page], Byron register [Byron clicks on button that sign in utest system, Byron enters 'IngresarPrimerNombre' into Where do we write the first name, Byron enters 'IngresarApellido' into Where do we write the last name, Byron enters 'IngresarCorreo@gmail.com' into Where do we write the email, Byron select April on Where do we write the month of birth, Byron select 15 on Where do we write the day of birth, Byron select 1993 on Where do we write the year of birth]]
[Test worker] WARN net.thucydides.core.steps.BaseStepListener - stepStarted: net.thucydides.core.steps.ExecutedStepDescription@193b3908
[Test worker] WARN net.thucydides.core.steps.BaseStepListener - stepFinished: current outcome:Login to utest.com:Given than Byron wants to log into the Utest System [Byron open up [Byron opens the Choucair utest page], Byron register [Byron clicks on button that sign in utest system, Byron enters 'IngresarPrimerNombre' into Where do we write the first name, Byron enters 'IngresarApellido' into Where do we write the last name, Byron enters 'IngresarCorreo@gmail.com' into Where do we write the email, Byron select April on Where do we write the month of birth, Byron select 15 on Where do we write the day of birth, Byron select 1993 on Where do we write the year of birth, Byron clicks on button that sign in utest system]]
[Test worker] WARN net.thucydides.core.steps.BaseStepListener - stepFinished: current outcome:Login to utest.com:Given than Byron wants to log into the Utest System [Byron open up [Byron opens the Choucair utest page], Byron register [Byron clicks on button that sign in utest system, Byron enters 'IngresarPrimerNombre' into Where do we write the first name, Byron enters 'IngresarApellido' into Where do we write the last name, Byron enters 'IngresarCorreo@gmail.com' into Where do we write the email, Byron select April on Where do we write the month of birth, Byron select 15 on Where do we write the day of birth, Byron select 1993 on Where do we write the year of birth, Byron clicks on button that sign in utest system]]
[Test worker] WARN net.thucydides.core.steps.BaseStepListener - stepFinished: current outcome:Login to utest.com:Given than Byron wants to log into the Utest System [Byron open up [Byron opens the Choucair utest page], Byron register [Byron clicks on button that sign in utest system, Byron enters 'IngresarPrimerNombre' into Where do we write the first name, Byron enters 'IngresarApellido' into Where do we write the last name, Byron enters 'IngresarCorreo@gmail.com' into Where do we write the email, Byron select April on Where do we write the month of birth, Byron select 15 on Where do we write the day of birth, Byron select 1993 on Where do we write the year of birth, Byron clicks on button that sign in utest system]]
[Test worker] WARN net.thucydides.core.steps.BaseStepListener - stepStarted: net.thucydides.core.steps.ExecutedStepDescription@4c97ffbe
[Test worker] WARN net.thucydides.core.steps.BaseStepListener - stepFinished: current outcome:Login to utest.com:Given than Byron wants to log into the Utest System [Byron open up [Byron opens the Choucair utest page], Byron register [Byron clicks on button that sign in utest system, Byron enters 'IngresarPrimerNombre' into Where do we write the first name, Byron enters 'IngresarApellido' into Where do we write the last name, Byron enters 'IngresarCorreo@gmail.com' into Where do we write the email, Byron select April on Where do we write the month of birth, Byron select 15 on Where do we write the day of birth, Byron select 1993 on Where do we write the year of birth, Byron clicks on button that sign in utest system]], When he needs to register in the Utest system
[Test worker] WARN net.thucydides.core.steps.BaseStepListener - stepStarted: net.thucydides.core.steps.ExecutedStepDescription@452ba540
[Test worker] WARN net.thucydides.core.steps.BaseStepListener - stepFinished: current outcome:Login to utest.com:Given than Byron wants to log into the Utest System [Byron open up [Byron opens the Choucair utest page], Byron register [Byron clicks on button that sign in utest system, Byron enters 'IngresarPrimerNombre' into Where do we write the first name, Byron enters 'IngresarApellido' into Where do we write the last name, Byron enters 'IngresarCorreo@gmail.com' into Where do we write the email, Byron select April on Where do we write the month of birth, Byron select 15 on Where do we write the day of birth, Byron select 1993 on Where do we write the year of birth, Byron clicks on button that sign in utest system]], When he needs to register in the Utest system, Then he can enter the registration data
[Test worker] WARN net.thucydides.core.steps.BaseStepListener - testFinished: Login to utest.com:Given than Byron wants to log into the Utest System [Byron open up [Byron opens the Choucair utest page], Byron register [Byron clicks on button that sign in utest system, Byron enters 'IngresarPrimerNombre' into Where do we write the first name, Byron enters 'IngresarApellido' into Where do we write the last name, Byron enters 'IngresarCorreo@gmail.com' into Where do we write the email, Byron select April on Where do we write the month of birth, Byron select 15 on Where do we write the day of birth, Byron select 1993 on Where do we write the year of birth, Byron clicks on button that sign in utest system]], When he needs to register in the Utest system, Then he can enter the registration data
[Test worker] WARN net.thucydides.core.steps.BaseStepListener - TestOutcomes: [Login to utest.com:Given than Byron wants to log into the Utest System [Byron open up [Byron opens the Choucair utest page], Byron register [Byron clicks on button that sign in utest system, Byron enters 'IngresarPrimerNombre' into Where do we write the first name, Byron enters 'IngresarApellido' into Where do we write the last name, Byron enters 'IngresarCorreo@gmail.com' into Where do we write the email, Byron select April on Where do we write the month of birth, Byron select 15 on Where do we write the day of birth, Byron select 1993 on Where do we write the year of birth, Byron clicks on button that sign in utest system]], When he needs to register in the Utest system, Then he can enter the registration data]
[Test worker] WARN net.thucydides.core.steps.BaseStepListener - Final testOutcomes: [Login to utest.com:Given than Byron wants to log into the Utest System [Byron open up [Byron opens the Choucair utest page], Byron register [Byron clicks on button that sign in utest system, Byron enters 'IngresarPrimerNombre' into Where do we write the first name, Byron enters 'IngresarApellido' into Where do we write the last name, Byron enters 'IngresarCorreo@gmail.com' into Where do we write the email, Byron select April on Where do we write the month of birth, Byron select 15 on Where do we write the day of birth, Byron select 1993 on Where do we write the year of birth, Byron clicks on button that sign in utest system]], When he needs to register in the Utest system, Then he can enter the registration data]
[Test worker] INFO net.thucydides.core.steps.ConsoleLoggingListener - 
        __    _____ _____ ____ _____   ____   _    ____  ____  _____ ____  
  _     \ \  |_   _| ____/ ___|_   _| |  _ \ / \  / ___|/ ___|| ____|  _ \ 
 (_)_____| |   | | |  _| \___ \ | |   | |_) / _ \ \___ \\___ \|  _| | | | |
  _|_____| |   | | | |___ ___) || |   |  __/ ___ \ ___) |___) | |___| |_| |
 (_)     | |   |_| |_____|____/ |_|   |_| /_/   \_\____/|____/|_____|____/ 
        /_/                                                                

TEST PASSED: Login to utest.com
----------------------------------------------------------------------------
]]></system-err>
</testsuite>
