<?xml version="1.0" encoding="UTF-8"?>
<testsuite name="Utest Choucair" tests="1" skipped="0" failures="0" errors="0" timestamp="2021-11-18T18:47:22" hostname="EC2AMAZ-7JPOIN6" time="7.416">
  <properties/>
  <testcase name="Login to utest.com" classname="Utest Choucair" time="7.416"/>
  <system-out><![CDATA[]]></system-out>
  <system-err><![CDATA[[Test worker] WARN net.thucydides.core.steps.BaseStepListener - stepStarted: net.thucydides.core.steps.ExecutedStepDescription@4b7250bb
[Test worker] WARN net.thucydides.core.steps.BaseStepListener - stepStarted: net.thucydides.core.steps.ExecutedStepDescription@6fe1ca29
[Test worker] WARN net.thucydides.core.steps.BaseStepListener - stepStarted: net.thucydides.core.steps.ExecutedStepDescription@4f11e6c6
Nov 18, 2021 1:47:23 PM org.openqa.selenium.remote.DesiredCapabilities chrome
INFO: Using `new ChromeOptions()` is preferred to `DesiredCapabilities.chrome()`
[Test worker] INFO net.serenitybdd.core.webdriver.driverproviders.ProvideNewDriver - Instantiating driver
[Test worker] INFO net.serenitybdd.core.webdriver.driverproviders.ProvideNewDriver - Driver capabilities: Capabilities {acceptInsecureCerts: false, browserName: chrome, chrome.switches: --start-maximized, goog:chromeOptions: {args: [--start-maximized], extensions: []}, loggingPrefs: org.openqa.selenium.logging..., platform: ANY, version: }
Starting ChromeDriver 95.0.4638.69 (6a1600ed572fedecd573b6c2b90a22fe6392a410-refs/branch-heads/4638@{#984}) on port 51566
Only local connections are allowed.
Please see https://chromedriver.chromium.org/security-considerations for suggestions on keeping ChromeDriver safe.
ChromeDriver was started successfully.
[1637261245.847][WARNING]: This version of ChromeDriver has not been tested with Chrome version 96.
Nov 18, 2021 1:47:25 PM org.openqa.selenium.remote.ProtocolHandshake createSession
INFO: Detected dialect: W3C
[Test worker] WARN net.thucydides.core.steps.BaseStepListener - stepFinished: current outcome:Login to utest.com:Given than Byron wants to log into the Utest System [Byron open up [Byron opens the Choucair utest page]]
[Test worker] WARN net.thucydides.core.steps.BaseStepListener - stepFinished: current outcome:Login to utest.com:Given than Byron wants to log into the Utest System [Byron open up [Byron opens the Choucair utest page]]
[Test worker] WARN net.thucydides.core.steps.BaseStepListener - stepFinished: current outcome:Login to utest.com:Given than Byron wants to log into the Utest System [Byron open up [Byron opens the Choucair utest page]]
[Test worker] WARN net.thucydides.core.steps.BaseStepListener - stepStarted: net.thucydides.core.steps.ExecutedStepDescription@28db538d
[Test worker] WARN net.thucydides.core.steps.BaseStepListener - stepFinished: current outcome:Login to utest.com:Given than Byron wants to log into the Utest System [Byron open up [Byron opens the Choucair utest page]], When he needs to register in the Utest system
[Test worker] WARN net.thucydides.core.steps.BaseStepListener - stepStarted: net.thucydides.core.steps.ExecutedStepDescription@3fb55945
[Test worker] WARN net.thucydides.core.steps.BaseStepListener - stepFinished: current outcome:Login to utest.com:Given than Byron wants to log into the Utest System [Byron open up [Byron opens the Choucair utest page]], When he needs to register in the Utest system, Then he can enter the registration data
[Test worker] WARN net.thucydides.core.steps.BaseStepListener - testFinished: Login to utest.com:Given than Byron wants to log into the Utest System [Byron open up [Byron opens the Choucair utest page]], When he needs to register in the Utest system, Then he can enter the registration data
[Test worker] WARN net.thucydides.core.steps.BaseStepListener - TestOutcomes: [Login to utest.com:Given than Byron wants to log into the Utest System [Byron open up [Byron opens the Choucair utest page]], When he needs to register in the Utest system, Then he can enter the registration data]
[Test worker] WARN net.thucydides.core.steps.BaseStepListener - Final testOutcomes: [Login to utest.com:Given than Byron wants to log into the Utest System [Byron open up [Byron opens the Choucair utest page]], When he needs to register in the Utest system, Then he can enter the registration data]
[Test worker] INFO net.thucydides.core.steps.ConsoleLoggingListener - 
        __    _____ _____ ____ _____   ____   _    ____  ____  _____ ____  
  _     \ \  |_   _| ____/ ___|_   _| |  _ \ / \  / ___|/ ___|| ____|  _ \ 
 (_)_____| |   | | |  _| \___ \ | |   | |_) / _ \ \___ \\___ \|  _| | | | |
  _|_____| |   | | | |___ ___) || |   |  __/ ___ \ ___) |___) | |___| |_| |
 (_)     | |   |_| |_____|____/ |_|   |_| /_/   \_\____/|____/|_____|____/ 
        /_/                                                                

TEST PASSED: Login to utest.com
----------------------------------------------------------------------------
]]></system-err>
</testsuite>
