<?xml version="1.0" encoding="UTF-8"?>
<testsuite name="Utest Choucair" tests="1" skipped="0" failures="0" errors="0" timestamp="2021-11-18T23:18:25" hostname="EC2AMAZ-7JPOIN6" time="17.113">
  <properties/>
  <testcase name="Sign up utest.com" classname="Utest Choucair" time="17.113"/>
  <system-out><![CDATA[]]></system-out>
  <system-err><![CDATA[[Test worker] WARN net.thucydides.core.steps.BaseStepListener - stepStarted: net.thucydides.core.steps.ExecutedStepDescription@7a98d3bd
[Test worker] WARN net.thucydides.core.steps.BaseStepListener - stepStarted: net.thucydides.core.steps.ExecutedStepDescription@48e52b4b
[Test worker] WARN net.thucydides.core.steps.BaseStepListener - stepStarted: net.thucydides.core.steps.ExecutedStepDescription@d15c705
Nov 18, 2021 6:18:26 PM org.openqa.selenium.remote.DesiredCapabilities chrome
INFO: Using `new ChromeOptions()` is preferred to `DesiredCapabilities.chrome()`
[Test worker] INFO net.serenitybdd.core.webdriver.driverproviders.ProvideNewDriver - Instantiating driver
[Test worker] INFO net.serenitybdd.core.webdriver.driverproviders.ProvideNewDriver - Driver capabilities: Capabilities {acceptInsecureCerts: false, browserName: chrome, chrome.switches: --start-maximized, goog:chromeOptions: {args: [--start-maximized], extensions: []}, loggingPrefs: org.openqa.selenium.logging..., platform: ANY, version: }
Starting ChromeDriver 95.0.4638.69 (6a1600ed572fedecd573b6c2b90a22fe6392a410-refs/branch-heads/4638@{#984}) on port 52795
Only local connections are allowed.
Please see https://chromedriver.chromium.org/security-considerations for suggestions on keeping ChromeDriver safe.
ChromeDriver was started successfully.
[1637277509.164][WARNING]: This version of ChromeDriver has not been tested with Chrome version 96.
Nov 18, 2021 6:18:29 PM org.openqa.selenium.remote.ProtocolHandshake createSession
INFO: Detected dialect: W3C
[Test worker] WARN net.thucydides.core.steps.BaseStepListener - stepFinished: current outcome:Sign up utest.com:Given than Byron wants to log into the Utest System [Byron open up [Byron opens the Choucair utest page]]
[Test worker] WARN net.thucydides.core.steps.BaseStepListener - stepFinished: current outcome:Sign up utest.com:Given than Byron wants to log into the Utest System [Byron open up [Byron opens the Choucair utest page]]
[Test worker] WARN net.thucydides.core.steps.BaseStepListener - stepFinished: current outcome:Sign up utest.com:Given than Byron wants to log into the Utest System [Byron open up [Byron opens the Choucair utest page]]
[Test worker] WARN net.thucydides.core.steps.BaseStepListener - stepStarted: net.thucydides.core.steps.ExecutedStepDescription@12d8cb8d
[Test worker] WARN net.thucydides.core.steps.BaseStepListener - stepStarted: net.thucydides.core.steps.ExecutedStepDescription@4a1fbb12
[Test worker] WARN net.thucydides.core.steps.BaseStepListener - stepStarted: net.thucydides.core.steps.ExecutedStepDescription@288fc1fa
[Test worker] WARN net.thucydides.core.steps.BaseStepListener - stepFinished: current outcome:Sign up utest.com:Given than Byron wants to log into the Utest System [Byron open up [Byron opens the Choucair utest page]], When he needs to register in the Utest system [Byron register [Byron clicks on button that sign in utest system]]
[Test worker] WARN net.thucydides.core.steps.BaseStepListener - stepStarted: net.thucydides.core.steps.ExecutedStepDescription@447dd110
[Test worker] WARN net.thucydides.core.steps.BaseStepListener - stepFinished: current outcome:Sign up utest.com:Given than Byron wants to log into the Utest System [Byron open up [Byron opens the Choucair utest page]], When he needs to register in the Utest system [Byron register [Byron clicks on button that sign in utest system, Byron enters 'IngresarPrimerNombre' into Where do we write the first name]]
[Test worker] WARN net.thucydides.core.steps.BaseStepListener - stepStarted: net.thucydides.core.steps.ExecutedStepDescription@22b97eec
[Test worker] WARN net.thucydides.core.steps.BaseStepListener - stepFinished: current outcome:Sign up utest.com:Given than Byron wants to log into the Utest System [Byron open up [Byron opens the Choucair utest page]], When he needs to register in the Utest system [Byron register [Byron clicks on button that sign in utest system, Byron enters 'IngresarPrimerNombre' into Where do we write the first name, Byron enters 'IngresarApellido' into Where do we write the last name]]
[Test worker] WARN net.thucydides.core.steps.BaseStepListener - stepStarted: net.thucydides.core.steps.ExecutedStepDescription@231af91c
[Test worker] WARN net.thucydides.core.steps.BaseStepListener - stepFinished: current outcome:Sign up utest.com:Given than Byron wants to log into the Utest System [Byron open up [Byron opens the Choucair utest page]], When he needs to register in the Utest system [Byron register [Byron clicks on button that sign in utest system, Byron enters 'IngresarPrimerNombre' into Where do we write the first name, Byron enters 'IngresarApellido' into Where do we write the last name, Byron enters 'IngresarCorreo@gmail.com' into Where do we write the email]]
[Test worker] WARN net.thucydides.core.steps.BaseStepListener - stepStarted: net.thucydides.core.steps.ExecutedStepDescription@42f2d443
[Test worker] WARN net.thucydides.core.steps.BaseStepListener - stepFinished: current outcome:Sign up utest.com:Given than Byron wants to log into the Utest System [Byron open up [Byron opens the Choucair utest page]], When he needs to register in the Utest system [Byron register [Byron clicks on button that sign in utest system, Byron enters 'IngresarPrimerNombre' into Where do we write the first name, Byron enters 'IngresarApellido' into Where do we write the last name, Byron enters 'IngresarCorreo@gmail.com' into Where do we write the email, Byron select April on Where do we write the month of birth]]
[Test worker] WARN net.thucydides.core.steps.BaseStepListener - stepStarted: net.thucydides.core.steps.ExecutedStepDescription@1c541712
[Test worker] WARN net.thucydides.core.steps.BaseStepListener - stepFinished: current outcome:Sign up utest.com:Given than Byron wants to log into the Utest System [Byron open up [Byron opens the Choucair utest page]], When he needs to register in the Utest system [Byron register [Byron clicks on button that sign in utest system, Byron enters 'IngresarPrimerNombre' into Where do we write the first name, Byron enters 'IngresarApellido' into Where do we write the last name, Byron enters 'IngresarCorreo@gmail.com' into Where do we write the email, Byron select April on Where do we write the month of birth, Byron select 15 on Where do we write the day of birth]]
[Test worker] WARN net.thucydides.core.steps.BaseStepListener - stepStarted: net.thucydides.core.steps.ExecutedStepDescription@d63908
[Test worker] WARN net.thucydides.core.steps.BaseStepListener - stepFinished: current outcome:Sign up utest.com:Given than Byron wants to log into the Utest System [Byron open up [Byron opens the Choucair utest page]], When he needs to register in the Utest system [Byron register [Byron clicks on button that sign in utest system, Byron enters 'IngresarPrimerNombre' into Where do we write the first name, Byron enters 'IngresarApellido' into Where do we write the last name, Byron enters 'IngresarCorreo@gmail.com' into Where do we write the email, Byron select April on Where do we write the month of birth, Byron select 15 on Where do we write the day of birth, Byron select 1993 on Where do we write the year of birth]]
[Test worker] WARN net.thucydides.core.steps.BaseStepListener - stepStarted: net.thucydides.core.steps.ExecutedStepDescription@4a983d51
[Test worker] WARN net.thucydides.core.steps.BaseStepListener - stepFinished: current outcome:Sign up utest.com:Given than Byron wants to log into the Utest System [Byron open up [Byron opens the Choucair utest page]], When he needs to register in the Utest system [Byron register [Byron clicks on button that sign in utest system, Byron enters 'IngresarPrimerNombre' into Where do we write the first name, Byron enters 'IngresarApellido' into Where do we write the last name, Byron enters 'IngresarCorreo@gmail.com' into Where do we write the email, Byron select April on Where do we write the month of birth, Byron select 15 on Where do we write the day of birth, Byron select 1993 on Where do we write the year of birth, Byron clicks on button that show the next page]]
[Test worker] WARN net.thucydides.core.steps.BaseStepListener - stepStarted: net.thucydides.core.steps.ExecutedStepDescription@7f02c0dc
[Test worker] WARN net.thucydides.core.steps.BaseStepListener - stepFinished: current outcome:Sign up utest.com:Given than Byron wants to log into the Utest System [Byron open up [Byron opens the Choucair utest page]], When he needs to register in the Utest system [Byron register [Byron clicks on button that sign in utest system, Byron enters 'IngresarPrimerNombre' into Where do we write the first name, Byron enters 'IngresarApellido' into Where do we write the last name, Byron enters 'IngresarCorreo@gmail.com' into Where do we write the email, Byron select April on Where do we write the month of birth, Byron select 15 on Where do we write the day of birth, Byron select 1993 on Where do we write the year of birth, Byron clicks on button that show the next page, Byron clicks on button that show the next page]]
[Test worker] WARN net.thucydides.core.steps.BaseStepListener - stepStarted: net.thucydides.core.steps.ExecutedStepDescription@179daac2
[Test worker] WARN net.thucydides.core.steps.BaseStepListener - stepFinished: current outcome:Sign up utest.com:Given than Byron wants to log into the Utest System [Byron open up [Byron opens the Choucair utest page]], When he needs to register in the Utest system [Byron register [Byron clicks on button that sign in utest system, Byron enters 'IngresarPrimerNombre' into Where do we write the first name, Byron enters 'IngresarApellido' into Where do we write the last name, Byron enters 'IngresarCorreo@gmail.com' into Where do we write the email, Byron select April on Where do we write the month of birth, Byron select 15 on Where do we write the day of birth, Byron select 1993 on Where do we write the year of birth, Byron clicks on button that show the next page, Byron clicks on button that show the next page, Byron clicks on button that show the next page]]
[Test worker] WARN net.thucydides.core.steps.BaseStepListener - stepStarted: net.thucydides.core.steps.ExecutedStepDescription@ba5affc
[Test worker] WARN net.thucydides.core.steps.BaseStepListener - stepFinished: current outcome:Sign up utest.com:Given than Byron wants to log into the Utest System [Byron open up [Byron opens the Choucair utest page]], When he needs to register in the Utest system [Byron register [Byron clicks on button that sign in utest system, Byron enters 'IngresarPrimerNombre' into Where do we write the first name, Byron enters 'IngresarApellido' into Where do we write the last name, Byron enters 'IngresarCorreo@gmail.com' into Where do we write the email, Byron select April on Where do we write the month of birth, Byron select 15 on Where do we write the day of birth, Byron select 1993 on Where do we write the year of birth, Byron clicks on button that show the next page, Byron clicks on button that show the next page, Byron clicks on button that show the next page, Byron enters 'IngresarPASS' into Where do we write the past]]
[Test worker] WARN net.thucydides.core.steps.BaseStepListener - stepStarted: net.thucydides.core.steps.ExecutedStepDescription@497a053
[Test worker] WARN net.thucydides.core.steps.BaseStepListener - stepFinished: current outcome:Sign up utest.com:Given than Byron wants to log into the Utest System [Byron open up [Byron opens the Choucair utest page]], When he needs to register in the Utest system [Byron register [Byron clicks on button that sign in utest system, Byron enters 'IngresarPrimerNombre' into Where do we write the first name, Byron enters 'IngresarApellido' into Where do we write the last name, Byron enters 'IngresarCorreo@gmail.com' into Where do we write the email, Byron select April on Where do we write the month of birth, Byron select 15 on Where do we write the day of birth, Byron select 1993 on Where do we write the year of birth, Byron clicks on button that show the next page, Byron clicks on button that show the next page, Byron clicks on button that show the next page, Byron enters 'IngresarPASS' into Where do we write the past, Byron enters 'IngresarPASS' into Where we repeat the password]]
[Test worker] WARN net.thucydides.core.steps.BaseStepListener - stepStarted: net.thucydides.core.steps.ExecutedStepDescription@68ef0a6
[Test worker] WARN net.thucydides.core.steps.BaseStepListener - stepFinished: current outcome:Sign up utest.com:Given than Byron wants to log into the Utest System [Byron open up [Byron opens the Choucair utest page]], When he needs to register in the Utest system [Byron register [Byron clicks on button that sign in utest system, Byron enters 'IngresarPrimerNombre' into Where do we write the first name, Byron enters 'IngresarApellido' into Where do we write the last name, Byron enters 'IngresarCorreo@gmail.com' into Where do we write the email, Byron select April on Where do we write the month of birth, Byron select 15 on Where do we write the day of birth, Byron select 1993 on Where do we write the year of birth, Byron clicks on button that show the next page, Byron clicks on button that show the next page, Byron clicks on button that show the next page, Byron enters 'IngresarPASS' into Where do we write the past, Byron enters 'IngresarPASS' into Where we repeat the password, Byron clicks on check that acept policy]]
[Test worker] WARN net.thucydides.core.steps.BaseStepListener - stepStarted: net.thucydides.core.steps.ExecutedStepDescription@4e159d93
[Test worker] WARN net.thucydides.core.steps.BaseStepListener - stepFinished: current outcome:Sign up utest.com:Given than Byron wants to log into the Utest System [Byron open up [Byron opens the Choucair utest page]], When he needs to register in the Utest system [Byron register [Byron clicks on button that sign in utest system, Byron enters 'IngresarPrimerNombre' into Where do we write the first name, Byron enters 'IngresarApellido' into Where do we write the last name, Byron enters 'IngresarCorreo@gmail.com' into Where do we write the email, Byron select April on Where do we write the month of birth, Byron select 15 on Where do we write the day of birth, Byron select 1993 on Where do we write the year of birth, Byron clicks on button that show the next page, Byron clicks on button that show the next page, Byron clicks on button that show the next page, Byron enters 'IngresarPASS' into Where do we write the past, Byron enters 'IngresarPASS' into Where we repeat the password, Byron clicks on check that acept policy, Byron clicks on check that acept policy]]
[Test worker] WARN net.thucydides.core.steps.BaseStepListener - stepStarted: net.thucydides.core.steps.ExecutedStepDescription@1e9579c4
[Test worker] WARN net.thucydides.core.steps.BaseStepListener - stepFinished: current outcome:Sign up utest.com:Given than Byron wants to log into the Utest System [Byron open up [Byron opens the Choucair utest page]], When he needs to register in the Utest system [Byron register [Byron clicks on button that sign in utest system, Byron enters 'IngresarPrimerNombre' into Where do we write the first name, Byron enters 'IngresarApellido' into Where do we write the last name, Byron enters 'IngresarCorreo@gmail.com' into Where do we write the email, Byron select April on Where do we write the month of birth, Byron select 15 on Where do we write the day of birth, Byron select 1993 on Where do we write the year of birth, Byron clicks on button that show the next page, Byron clicks on button that show the next page, Byron clicks on button that show the next page, Byron enters 'IngresarPASS' into Where do we write the past, Byron enters 'IngresarPASS' into Where we repeat the password, Byron clicks on check that acept policy, Byron clicks on check that acept policy, Byron clicks on button that show the next page]]
[Test worker] WARN net.thucydides.core.steps.BaseStepListener - stepFinished: current outcome:Sign up utest.com:Given than Byron wants to log into the Utest System [Byron open up [Byron opens the Choucair utest page]], When he needs to register in the Utest system [Byron register [Byron clicks on button that sign in utest system, Byron enters 'IngresarPrimerNombre' into Where do we write the first name, Byron enters 'IngresarApellido' into Where do we write the last name, Byron enters 'IngresarCorreo@gmail.com' into Where do we write the email, Byron select April on Where do we write the month of birth, Byron select 15 on Where do we write the day of birth, Byron select 1993 on Where do we write the year of birth, Byron clicks on button that show the next page, Byron clicks on button that show the next page, Byron clicks on button that show the next page, Byron enters 'IngresarPASS' into Where do we write the past, Byron enters 'IngresarPASS' into Where we repeat the password, Byron clicks on check that acept policy, Byron clicks on check that acept policy, Byron clicks on button that show the next page]]
[Test worker] WARN net.thucydides.core.steps.BaseStepListener - stepFinished: current outcome:Sign up utest.com:Given than Byron wants to log into the Utest System [Byron open up [Byron opens the Choucair utest page]], When he needs to register in the Utest system [Byron register [Byron clicks on button that sign in utest system, Byron enters 'IngresarPrimerNombre' into Where do we write the first name, Byron enters 'IngresarApellido' into Where do we write the last name, Byron enters 'IngresarCorreo@gmail.com' into Where do we write the email, Byron select April on Where do we write the month of birth, Byron select 15 on Where do we write the day of birth, Byron select 1993 on Where do we write the year of birth, Byron clicks on button that show the next page, Byron clicks on button that show the next page, Byron clicks on button that show the next page, Byron enters 'IngresarPASS' into Where do we write the past, Byron enters 'IngresarPASS' into Where we repeat the password, Byron clicks on check that acept policy, Byron clicks on check that acept policy, Byron clicks on button that show the next page]]
[Test worker] WARN net.thucydides.core.steps.BaseStepListener - stepStarted: net.thucydides.core.steps.ExecutedStepDescription@53a511b2
[Test worker] WARN net.thucydides.core.steps.BaseStepListener - stepFinished: current outcome:Sign up utest.com:Given than Byron wants to log into the Utest System [Byron open up [Byron opens the Choucair utest page]], When he needs to register in the Utest system [Byron register [Byron clicks on button that sign in utest system, Byron enters 'IngresarPrimerNombre' into Where do we write the first name, Byron enters 'IngresarApellido' into Where do we write the last name, Byron enters 'IngresarCorreo@gmail.com' into Where do we write the email, Byron select April on Where do we write the month of birth, Byron select 15 on Where do we write the day of birth, Byron select 1993 on Where do we write the year of birth, Byron clicks on button that show the next page, Byron clicks on button that show the next page, Byron clicks on button that show the next page, Byron enters 'IngresarPASS' into Where do we write the past, Byron enters 'IngresarPASS' into Where we repeat the password, Byron clicks on check that acept policy, Byron clicks on check that acept policy, Byron clicks on button that show the next page]], Then he get a nameuser
[Test worker] WARN net.thucydides.core.steps.BaseStepListener - testFinished: Sign up utest.com:Given than Byron wants to log into the Utest System [Byron open up [Byron opens the Choucair utest page]], When he needs to register in the Utest system [Byron register [Byron clicks on button that sign in utest system, Byron enters 'IngresarPrimerNombre' into Where do we write the first name, Byron enters 'IngresarApellido' into Where do we write the last name, Byron enters 'IngresarCorreo@gmail.com' into Where do we write the email, Byron select April on Where do we write the month of birth, Byron select 15 on Where do we write the day of birth, Byron select 1993 on Where do we write the year of birth, Byron clicks on button that show the next page, Byron clicks on button that show the next page, Byron clicks on button that show the next page, Byron enters 'IngresarPASS' into Where do we write the past, Byron enters 'IngresarPASS' into Where we repeat the password, Byron clicks on check that acept policy, Byron clicks on check that acept policy, Byron clicks on button that show the next page]], Then he get a nameuser
[Test worker] WARN net.thucydides.core.steps.BaseStepListener - TestOutcomes: [Sign up utest.com:Given than Byron wants to log into the Utest System [Byron open up [Byron opens the Choucair utest page]], When he needs to register in the Utest system [Byron register [Byron clicks on button that sign in utest system, Byron enters 'IngresarPrimerNombre' into Where do we write the first name, Byron enters 'IngresarApellido' into Where do we write the last name, Byron enters 'IngresarCorreo@gmail.com' into Where do we write the email, Byron select April on Where do we write the month of birth, Byron select 15 on Where do we write the day of birth, Byron select 1993 on Where do we write the year of birth, Byron clicks on button that show the next page, Byron clicks on button that show the next page, Byron clicks on button that show the next page, Byron enters 'IngresarPASS' into Where do we write the past, Byron enters 'IngresarPASS' into Where we repeat the password, Byron clicks on check that acept policy, Byron clicks on check that acept policy, Byron clicks on button that show the next page]], Then he get a nameuser]
[Test worker] WARN net.thucydides.core.steps.BaseStepListener - Final testOutcomes: [Sign up utest.com:Given than Byron wants to log into the Utest System [Byron open up [Byron opens the Choucair utest page]], When he needs to register in the Utest system [Byron register [Byron clicks on button that sign in utest system, Byron enters 'IngresarPrimerNombre' into Where do we write the first name, Byron enters 'IngresarApellido' into Where do we write the last name, Byron enters 'IngresarCorreo@gmail.com' into Where do we write the email, Byron select April on Where do we write the month of birth, Byron select 15 on Where do we write the day of birth, Byron select 1993 on Where do we write the year of birth, Byron clicks on button that show the next page, Byron clicks on button that show the next page, Byron clicks on button that show the next page, Byron enters 'IngresarPASS' into Where do we write the past, Byron enters 'IngresarPASS' into Where we repeat the password, Byron clicks on check that acept policy, Byron clicks on check that acept policy, Byron clicks on button that show the next page]], Then he get a nameuser]
[Test worker] INFO net.thucydides.core.steps.ConsoleLoggingListener - 
        __    _____ _____ ____ _____   ____   _    ____  ____  _____ ____  
  _     \ \  |_   _| ____/ ___|_   _| |  _ \ / \  / ___|/ ___|| ____|  _ \ 
 (_)_____| |   | | |  _| \___ \ | |   | |_) / _ \ \___ \\___ \|  _| | | | |
  _|_____| |   | | | |___ ___) || |   |  __/ ___ \ ___) |___) | |___| |_| |
 (_)     | |   |_| |_____|____/ |_|   |_| /_/   \_\____/|____/|_____|____/ 
        /_/                                                                

TEST PASSED: Sign up utest.com
----------------------------------------------------------------------------
]]></system-err>
</testsuite>
