<?xml version="1.0" encoding="UTF-8"?>
<testsuite name="co.com.choucair.certification.utest.runners.RunnerTags" tests="0" skipped="0" failures="0" errors="0" timestamp="1970-01-01T00:00:00" hostname="EC2AMAZ-7JPOIN6" time="0.0">
  <properties/>
  <system-out><![CDATA[REGISTER BASE STEP LISTENER net.thucydides.core.steps.BaseStepListener@6129a6c9

1 Scenarios (?[33m1 undefined?[0m)
3 Steps (?[33m3 undefined?[0m)
0m0.659s


You can implement missing steps with the snippets below:

@Given("^than Byron wants to log into the Utest System$")
public void thanByronWantsToLogIntoTheUtestSystem() {
    // Write code here that turns the phrase above into concrete actions
    throw new PendingException();
}


@When("^he needs to register in the Utest system$")
public void heNeedsToRegisterInTheUtestSystem() {
    // Write code here that turns the phrase above into concrete actions
    throw new PendingException();
}

@Then("^he can enter the registration data$")
public void heCanEnterTheRegistrationData() {
    // Write code here that turns the phrase above into concrete actions
    throw new PendingException();
}

]]></system-out>
  <system-err><![CDATA[[Test worker] INFO net.thucydides.core.steps.ConsoleLoggingListener - 

-------------------------------------------------------------------------------------
     _______. _______ .______       _______ .__   __.  __  .___________.____    ____ 
    /       ||   ____||   _  \     |   ____||  \ |  | |  | |           |\   \  /   / 
   |   (----`|  |__   |  |_)  |    |  |__   |   \|  | |  | `---|  |----` \   \/   /  
    \   \    |   __|  |      /     |   __|  |  . `  | |  |     |  |       \_    _/   
.----)   |   |  |____ |  |\  \----.|  |____ |  |\   | |  |     |  |         |  |     
|_______/    |_______|| _| `._____||_______||__| \__| |__|     |__|         |__|    
                                                                                     
 News and tutorials at http://www.serenity-bdd.info                                  
 Documentation at https://wakaleo.gitbooks.io/the-serenity-book/content/             
 Join the Serenity Community on Rocket Chat at https://serenity-bdd.rocket.chat      
 Serenity BDD Support and Training at http://serenity-bdd.info/#/trainingandsupport  
 Learn Serenity BDD online at http://serenity-dojo.com                               
-------------------------------------------------------------------------------------

[Test worker] INFO net.thucydides.core.steps.ConsoleLoggingListener - Test Suite Started: Utest Choucair
[Test worker] WARN net.thucydides.core.steps.BaseStepListener - testStarted: Login to utest.com/utest-choucair;login-to-utest.com
[Test worker] INFO net.thucydides.core.steps.ConsoleLoggingListener - 
 _____ _____ ____ _____   ____ _____  _    ____ _____ _____ ____  
|_   _| ____/ ___|_   _| / ___|_   _|/ \  |  _ \_   _| ____|  _ \ 
  | | |  _| \___ \ | |   \___ \ | | / _ \ | |_) || | |  _| | | | |
  | | | |___ ___) || |    ___) || |/ ___ \|  _ < | | | |___| |_| |
  |_| |_____|____/ |_|   |____/ |_/_/   \_\_| \_\|_| |_____|____/ 
                                                                  

TEST STARTED: Login to utest.com
-------------------------------------------------------------------(utest-choucair;login-to-utest.com)
]]></system-err>
</testsuite>
