<?xml version="1.0" encoding="UTF-8"?>
<testsuite name="Utest Choucair" tests="1" skipped="1" failures="0" errors="0" timestamp="2021-11-18T16:46:50" hostname="EC2AMAZ-7JPOIN6" time="0.033">
  <properties/>
  <testcase name="Login to utest.com" classname="Utest Choucair" time="0.033">
    <skipped/>
  </testcase>
  <system-out><![CDATA[]]></system-out>
  <system-err><![CDATA[[Test worker] WARN net.thucydides.core.steps.BaseStepListener - stepStarted: net.thucydides.core.steps.ExecutedStepDescription@b47192a
[Test worker] INFO net.thucydides.core.steps.ConsoleLoggingListener - TEST PENDING
[Test worker] WARN net.thucydides.core.steps.BaseStepListener - stepStarted: net.thucydides.core.steps.ExecutedStepDescription@4664d595
[Test worker] WARN net.thucydides.core.steps.BaseStepListener - stepStarted: net.thucydides.core.steps.ExecutedStepDescription@4becb75c
[Test worker] WARN net.thucydides.core.steps.BaseStepListener - testFinished: Login to utest.com:Given than Byron wants to log into the Utest System, When he needs to register in the Utest system, Then he can enter the registration data
[Test worker] WARN net.thucydides.core.steps.BaseStepListener - TestOutcomes: [Login to utest.com:Given than Byron wants to log into the Utest System, When he needs to register in the Utest system, Then he can enter the registration data]
[Test worker] WARN net.thucydides.core.steps.BaseStepListener - Final testOutcomes: [Login to utest.com:Given than Byron wants to log into the Utest System, When he needs to register in the Utest system, Then he can enter the registration data]
[Test worker] INFO net.thucydides.core.steps.ConsoleLoggingListener - 
          __  _____ _____ ____ _____   ____  _____ _   _ ____ ___ _   _  ____ 
 _       / / |_   _| ____/ ___|_   _| |  _ \| ____| \ | |  _ \_ _| \ | |/ ___|
(_)____ / /    | | |  _| \___ \ | |   | |_) |  _| |  \| | | | | ||  \| | |  _ 
 |_____/ /     | | | |___ ___) || |   |  __/| |___| |\  | |_| | || |\  | |_| |
(_)   /_/      |_| |_____|____/ |_|   |_|   |_____|_| \_|____/___|_| \_|\____|
                                                                                

TEST PENDING: Login to utest.com
---------------------------------------------------------------------------------
]]></system-err>
</testsuite>
