<?xml version="1.0" encoding="UTF-8"?>
<testsuite name="Utest Choucair" tests="1" skipped="0" failures="0" errors="0" timestamp="2021-11-18T18:21:53" hostname="EC2AMAZ-7JPOIN6" time="0.212">
  <properties/>
  <testcase name="Login to utest.com" classname="Utest Choucair" time="0.212"/>
  <system-out><![CDATA[]]></system-out>
  <system-err><![CDATA[[Test worker] WARN net.thucydides.core.steps.BaseStepListener - stepStarted: net.thucydides.core.steps.ExecutedStepDescription@5c1037f0
[Test worker] WARN net.thucydides.core.steps.BaseStepListener - stepFinished: current outcome:Login to utest.com:Given than Byron wants to log into the Utest System
[Test worker] WARN net.thucydides.core.steps.BaseStepListener - stepStarted: net.thucydides.core.steps.ExecutedStepDescription@2760a9cb
[Test worker] WARN net.thucydides.core.steps.BaseStepListener - stepFinished: current outcome:Login to utest.com:Given than Byron wants to log into the Utest System, When he needs to register in the Utest system
[Test worker] WARN net.thucydides.core.steps.BaseStepListener - stepStarted: net.thucydides.core.steps.ExecutedStepDescription@1e8f28c6
[Test worker] WARN net.thucydides.core.steps.BaseStepListener - stepFinished: current outcome:Login to utest.com:Given than Byron wants to log into the Utest System, When he needs to register in the Utest system, Then he can enter the registration data
[Test worker] WARN net.thucydides.core.steps.BaseStepListener - testFinished: Login to utest.com:Given than Byron wants to log into the Utest System, When he needs to register in the Utest system, Then he can enter the registration data
[Test worker] WARN net.thucydides.core.steps.BaseStepListener - TestOutcomes: [Login to utest.com:Given than Byron wants to log into the Utest System, When he needs to register in the Utest system, Then he can enter the registration data]
[Test worker] WARN net.thucydides.core.steps.BaseStepListener - Final testOutcomes: [Login to utest.com:Given than Byron wants to log into the Utest System, When he needs to register in the Utest system, Then he can enter the registration data]
[Test worker] INFO net.thucydides.core.steps.ConsoleLoggingListener - 
        __    _____ _____ ____ _____   ____   _    ____  ____  _____ ____  
  _     \ \  |_   _| ____/ ___|_   _| |  _ \ / \  / ___|/ ___|| ____|  _ \ 
 (_)_____| |   | | |  _| \___ \ | |   | |_) / _ \ \___ \\___ \|  _| | | | |
  _|_____| |   | | | |___ ___) || |   |  __/ ___ \ ___) |___) | |___| |_| |
 (_)     | |   |_| |_____|____/ |_|   |_| /_/   \_\____/|____/|_____|____/ 
        /_/                                                                

TEST PASSED: Login to utest.com
----------------------------------------------------------------------------
]]></system-err>
</testsuite>
